<?xml version="1.0" encoding="UTF-8"?>
<!-- Generated by org.testng.reporters.JUnitReportReporter -->
<testsuite hostname="LAPTOP-G790OGBU" name="TestScript.TestBrokenLink" tests="1" failures="0" timestamp="18 Jun 2024 10:00:53 GMT" time="19.692" errors="0">
  <testcase name="VerifyLink" time="19.692" classname="TestScript.TestBrokenLink"/>
</testsuite> <!-- TestScript.TestBrokenLink -->
