<?xml version="1.0" encoding="UTF-8"?>
<!-- Generated by org.testng.reporters.JUnitReportReporter -->
<testsuite hostname="LAPTOP-G790OGBU" name="TestScript.TestRegsiter" tests="5" failures="0" timestamp="16 May 2024 13:32:10 GMT" time="20.899" errors="0">
  <testcase name="VerifyRegisterPage" time="3.962" classname="TestScript.TestRegsiter"/>
  <testcase name="VerifyRegisterPage" time="5.319" classname="TestScript.TestRegsiter"/>
  <testcase name="VerifyBrowser" time="0.006" classname="TestScript.TestRegsiter"/>
  <testcase name="VerifyRegisterPage" time="5.836" classname="TestScript.TestRegsiter"/>
  <testcase name="VerifyRegisterPage" time="5.776" classname="TestScript.TestRegsiter"/>
</testsuite> <!-- TestScript.TestRegsiter -->
