<?xml version="1.0" encoding="UTF-8"?>
<!-- Generated by org.testng.reporters.JUnitReportReporter -->
<testsuite hostname="LAPTOP-G790OGBU" name="Test.TestIndex" tests="3" failures="0" timestamp="26 Jan 2024 07:47:41 GMT" time="5.049" errors="0">
  <testcase name="SkipPage" time="5.018" classname="Test.TestIndex"/>
  <testcase name="VerifyBrowser" time="0.018" classname="Test.TestIndex"/>
  <testcase name="VerfiySkipSign" time="0.013" classname="Test.TestIndex"/>
</testsuite> <!-- Test.TestIndex -->
