<?xml version="1.0" encoding="UTF-8"?>
<!-- Generated by org.testng.reporters.JUnitReportReporter -->
<testsuite hostname="LAPTOP-G790OGBU" name="Test.TestReg" tests="2" failures="0" timestamp="24 Dec 2023 15:37:09 GMT" time="1.206" errors="0">
  <testcase name="VerifyFirstName" time="1.201" classname="Test.TestReg"/>
  <testcase name="VerifyBrowser" time="0.005" classname="Test.TestReg"/>
</testsuite> <!-- Test.TestReg -->
