<?xml version="1.0" encoding="UTF-8"?>
<!-- Generated by org.testng.reporters.JUnitReportReporter -->
<testsuite hostname="LAPTOP-G790OGBU" name="TestScript.TestAlert" tests="5" failures="0" timestamp="25 Jun 2024 10:28:13 GMT" time="1.343" errors="0">
  <testcase name="verfiyAlert" time="0.014" classname="TestScript.TestAlert"/>
  <testcase name="verifyCancelConfirmationAlert" time="0.374" classname="TestScript.TestAlert"/>
  <testcase name="verifySimpleAlert" time="0.016" classname="TestScript.TestAlert"/>
  <testcase name="verifyAccpectConfirmationAlert" time="0.541" classname="TestScript.TestAlert"/>
  <testcase name="verifyPromptAlert" time="0.398" classname="TestScript.TestAlert"/>
</testsuite> <!-- TestScript.TestAlert -->
