<?xml version="1.0" encoding="UTF-8"?>
<!-- Generated by org.testng.reporters.JUnitReportReporter -->
<testsuite hostname="LAPTOP-G790OGBU" name="TestScript.TestWindowHandle" tests="3" failures="0" timestamp="25 Jun 2024 10:28:13 GMT" time="2.301" errors="0">
  <testcase name="verifyMultipleWindowHandling" time="1.293" classname="TestScript.TestWindowHandle"/>
  <testcase name="verifyWindowPage" time="0.006" classname="TestScript.TestWindowHandle"/>
  <testcase name="verifySeprateWindowHandle" time="1.002" classname="TestScript.TestWindowHandle"/>
</testsuite> <!-- TestScript.TestWindowHandle -->
