<?xml version="1.0" encoding="UTF-8"?>
<!-- Generated by org.testng.reporters.JUnitReportReporter -->
<testsuite hostname="LAPTOP-G790OGBU" name="PKG1.Baseclass" tests="1" failures="0" timestamp="6 May 2024 16:11:43 GMT" time="0.007" errors="0">
  <testcase name="VerifyBrowser" time="0.007" classname="PKG1.Baseclass"/>
</testsuite> <!-- PKG1.Baseclass -->
