<?xml version="1.0" encoding="UTF-8"?>
<!-- Generated by org.testng.reporters.JUnitReportReporter -->
<testsuite hostname="LAPTOP-G790OGBU" name="TestScript.TestHome" tests="2" failures="0" timestamp="22 Nov 2024 06:46:29 GMT" time="0.030" errors="0">
  <testcase name="verifyHomePage" time="0.009" classname="TestScript.TestHome"/>
  <testcase name="verifyHomePage" time="0.021" classname="TestScript.TestHome"/>
</testsuite> <!-- TestScript.TestHome -->
