<?xml version="1.0" encoding="UTF-8"?>
<!-- Generated by org.testng.reporters.JUnitReportReporter -->
<testsuite hostname="LAPTOP-G790OGBU" name="TestScript.TestAlert" tests="5" failures="0" timestamp="22 Nov 2024 06:57:11 GMT" time="1.461" errors="0">
  <testcase name="verifyCancelConfirmationAlert" time="0.373" classname="TestScript.TestAlert"/>
  <testcase name="verfiyAlert" time="0.017" classname="TestScript.TestAlert"/>
  <testcase name="verifyAccpectConfirmationAlert" time="0.594" classname="TestScript.TestAlert"/>
  <testcase name="verifyPromptAlert" time="0.445" classname="TestScript.TestAlert"/>
  <testcase name="verifySimpleAlert" time="0.032" classname="TestScript.TestAlert"/>
</testsuite> <!-- TestScript.TestAlert -->
