<?xml version="1.0" encoding="UTF-8"?>
<!-- Generated by org.testng.reporters.JUnitReportReporter -->
<testsuite hostname="LAPTOP-G790OGBU" name="TestScript.TestFrame" tests="1" failures="0" timestamp="25 Jun 2024 10:28:13 GMT" time="0.498" errors="0">
  <testcase name="performNestedFrame" time="0.498" classname="TestScript.TestFrame"/>
</testsuite> <!-- TestScript.TestFrame -->
