<?xml version="1.0" encoding="UTF-8"?>
<!-- Generated by org.testng.reporters.JUnitReportReporter -->
<testsuite hostname="LAPTOP-G790OGBU" name="Test.TestWindowHandle" tests="2" failures="0" timestamp="7 May 2024 17:21:11 GMT" time="2.803" errors="0">
  <testcase name="VerifyBrowser" time="0.006" classname="Test.TestWindowHandle"/>
  <testcase name="openNewTabAndClickOnDocumentionsinsideSeleniumPage" time="2.797" classname="Test.TestWindowHandle"/>
</testsuite> <!-- Test.TestWindowHandle -->
