<?xml version="1.0" encoding="UTF-8"?>
<!-- Generated by org.testng.reporters.JUnitReportReporter -->
<testsuite hostname="LAPTOP-G790OGBU" name="Test.TestBrokenLink" tests="2" failures="0" timestamp="29 Apr 2024 06:46:48 GMT" time="44.299" errors="0">
  <testcase name="VerifyLink" time="44.295" classname="Test.TestBrokenLink"/>
  <testcase name="VerifyBrowser" time="0.004" classname="Test.TestBrokenLink"/>
</testsuite> <!-- Test.TestBrokenLink -->
