<?xml version="1.0" encoding="UTF-8"?>
<!-- Generated by org.testng.reporters.JUnitReportReporter -->
<testsuite hostname="LAPTOP-G790OGBU" name="TestScript.TestDragAndDrop" tests="6" failures="0" timestamp="5 Aug 2024 16:03:00 GMT" time="6.549" errors="0">
  <testcase name="verfiyStaticPage" time="0.022" classname="TestScript.TestDragAndDrop"/>
  <testcase name="navigateStaticDragAndDropPage" time="3.175" classname="TestScript.TestDragAndDrop"/>
  <testcase name="navigateDynamicDragAndDropPage" time="1.600" classname="TestScript.TestDragAndDrop"/>
  <testcase name="performStaticDragAndDrop" time="0.892" classname="TestScript.TestDragAndDrop"/>
  <testcase name="verfiydynamicPage" time="0.017" classname="TestScript.TestDragAndDrop"/>
  <testcase name="performDynamicDragAndDrop" time="0.843" classname="TestScript.TestDragAndDrop"/>
</testsuite> <!-- TestScript.TestDragAndDrop -->
