<?xml version="1.0" encoding="UTF-8"?>
<!-- Generated by org.testng.reporters.JUnitReportReporter -->
<testsuite hostname="LAPTOP-G790OGBU" name="Test.TestAlert" tests="4" failures="0" timestamp="7 May 2024 16:27:09 GMT" time="0.488" errors="0">
  <testcase name="SimpleAlert" time="0.140" classname="Test.TestAlert"/>
  <testcase name="ConfirmationAlert" time="0.181" classname="Test.TestAlert"/>
  <testcase name="VerifyBrowser" time="0.004" classname="Test.TestAlert"/>
  <testcase name="PromptAlert" time="0.163" classname="Test.TestAlert"/>
</testsuite> <!-- Test.TestAlert -->
