<?xml version="1.0" encoding="UTF-8"?>
<!-- Generated by org.testng.reporters.JUnitReportReporter -->
<testsuite hostname="LAPTOP-G790OGBU" name="TestScript.Endtoendtesting" tests="2" failures="0" timestamp="17 May 2024 07:42:46 GMT" time="32.936" errors="0">
  <testcase name="VerifyBrowser" time="0.010" classname="TestScript.Endtoendtesting"/>
  <testcase name="EndtoEndtesting" time="32.926" classname="TestScript.Endtoendtesting"/>
</testsuite> <!-- TestScript.Endtoendtesting -->
