<?xml version="1.0" encoding="UTF-8"?>
<!-- Generated by org.testng.reporters.JUnitReportReporter -->
<testsuite hostname="LAPTOP-G790OGBU" name="Superclass.Baseclass" tests="1" failures="0" timestamp="17 May 2024 09:35:59 GMT" time="0.007" errors="0">
  <testcase name="VerifyBrowser" time="0.007" classname="Superclass.Baseclass"/>
</testsuite> <!-- Superclass.Baseclass -->
