<?xml version="1.0" encoding="UTF-8"?>
<!-- Generated by org.testng.reporters.JUnitReportReporter -->
<testsuite hostname="LAPTOP-G790OGBU" name="Test.TestFrame" tests="3" failures="0" timestamp="23 Apr 2024 03:09:47 GMT" time="8.377" errors="0">
  <testcase name="NestedFrame" time="4.234" classname="Test.TestFrame"/>
  <testcase name="SwitchTOFrame" time="4.141" classname="Test.TestFrame"/>
  <testcase name="VerifyBrowser" time="0.002" classname="Test.TestFrame"/>
</testsuite> <!-- Test.TestFrame -->
